<?xml version="1.0" encoding="UTF-8"?>
<testsuite name="com.mindex.challenge.service.impl.CompensationServiceImplTest" tests="9" skipped="0" failures="0" errors="0" timestamp="2023-10-27T22:03:06" hostname="RC-MAIN-PC" time="0.021">
  <properties/>
  <testcase name="testErrorCreateCompensationInvalidEmployee" classname="com.mindex.challenge.service.impl.CompensationServiceImplTest" time="0.006"/>
  <testcase name="testGetCompensationNullEmployeeId" classname="com.mindex.challenge.service.impl.CompensationServiceImplTest" time="0.001"/>
  <testcase name="testPostCompensation" classname="com.mindex.challenge.service.impl.CompensationServiceImplTest" time="0.002"/>
  <testcase name="testPostCompensationEmptyEmployeeId" classname="com.mindex.challenge.service.impl.CompensationServiceImplTest" time="0.001"/>
  <testcase name="testPostCompensationEmptySalary" classname="com.mindex.challenge.service.impl.CompensationServiceImplTest" time="0.002"/>
  <testcase name="testErrorGetCompensationInvalidEmployee" classname="com.mindex.challenge.service.impl.CompensationServiceImplTest" time="0.002"/>
  <testcase name="testGetCompensation" classname="com.mindex.challenge.service.impl.CompensationServiceImplTest" time="0.001"/>
  <testcase name="testPostCompensationNullEmployeeId" classname="com.mindex.challenge.service.impl.CompensationServiceImplTest" time="0.001"/>
  <testcase name="testErrorGetCompensationInvalidCompensation" classname="com.mindex.challenge.service.impl.CompensationServiceImplTest" time="0.002"/>
  <system-out><![CDATA[2023-10-27 17:03:06.916  INFO 26544 --- [    Test worker] .b.t.c.SpringBootTestContextBootstrapper : Neither @ContextConfiguration nor @ContextHierarchy found for test class [com.mindex.challenge.service.impl.CompensationServiceImplTest], using SpringBootContextLoader
2023-10-27 17:03:06.916  INFO 26544 --- [    Test worker] o.s.t.c.support.AbstractContextLoader    : Could not detect default resource locations for test class [com.mindex.challenge.service.impl.CompensationServiceImplTest]: no resource found for suffixes {-context.xml, Context.groovy}.
2023-10-27 17:03:06.916  INFO 26544 --- [    Test worker] t.c.s.AnnotationConfigContextLoaderUtils : Could not detect default configuration classes for test class [com.mindex.challenge.service.impl.CompensationServiceImplTest]: CompensationServiceImplTest does not declare any static, non-private, non-final, nested classes annotated with @Configuration.
2023-10-27 17:03:06.921  INFO 26544 --- [    Test worker] .b.t.c.SpringBootTestContextBootstrapper : Found @SpringBootConfiguration com.mindex.challenge.ChallengeApplication for test class com.mindex.challenge.service.impl.CompensationServiceImplTest
2023-10-27 17:03:06.922  INFO 26544 --- [    Test worker] .b.t.c.SpringBootTestContextBootstrapper : Loaded default TestExecutionListener class names from location [META-INF/spring.factories]: [org.springframework.boot.test.autoconfigure.restdocs.RestDocsTestExecutionListener, org.springframework.boot.test.autoconfigure.web.client.MockRestServiceServerResetTestExecutionListener, org.springframework.boot.test.autoconfigure.web.servlet.MockMvcPrintOnlyOnFailureTestExecutionListener, org.springframework.boot.test.autoconfigure.web.servlet.WebDriverTestExecutionListener, org.springframework.boot.test.mock.mockito.MockitoTestExecutionListener, org.springframework.boot.test.mock.mockito.ResetMocksTestExecutionListener, org.springframework.test.context.web.ServletTestExecutionListener, org.springframework.test.context.support.DirtiesContextBeforeModesTestExecutionListener, org.springframework.test.context.support.DependencyInjectionTestExecutionListener, org.springframework.test.context.support.DirtiesContextTestExecutionListener, org.springframework.test.context.transaction.TransactionalTestExecutionListener, org.springframework.test.context.jdbc.SqlScriptsTestExecutionListener, org.springframework.test.context.event.EventPublishingTestExecutionListener]
2023-10-27 17:03:06.922  INFO 26544 --- [    Test worker] .b.t.c.SpringBootTestContextBootstrapper : Using TestExecutionListeners: [org.springframework.test.context.web.ServletTestExecutionListener@1a9938a8, org.springframework.test.context.support.DirtiesContextBeforeModesTestExecutionListener@60a8786e, org.springframework.boot.test.mock.mockito.MockitoTestExecutionListener@678c6d4a, org.springframework.boot.test.autoconfigure.SpringBootDependencyInjectionTestExecutionListener@555b0622, org.springframework.test.context.support.DirtiesContextTestExecutionListener@6d43859, org.springframework.test.context.transaction.TransactionalTestExecutionListener@251c5be5, org.springframework.test.context.jdbc.SqlScriptsTestExecutionListener@217e9431, org.springframework.test.context.event.EventPublishingTestExecutionListener@2c19ec2a, org.springframework.boot.test.autoconfigure.restdocs.RestDocsTestExecutionListener@ba80f00, org.springframework.boot.test.autoconfigure.web.client.MockRestServiceServerResetTestExecutionListener@4c2caee3, org.springframework.boot.test.autoconfigure.web.servlet.MockMvcPrintOnlyOnFailureTestExecutionListener@1926744b, org.springframework.boot.test.autoconfigure.web.servlet.WebDriverTestExecutionListener@7abdb3f9, org.springframework.boot.test.mock.mockito.ResetMocksTestExecutionListener@31a673a1]
2023-10-27 17:03:06.976 DEBUG 26544 --- [    Test worker] c.m.c.s.impl.CompensationServiceImpl     : Creating compensation for valid employee [Compensation(employeeId=f2878460-63e7-4b59-a3f2-6c0ccae5d7bb, salary=123000, effectiveDate=Fri Oct 27 17:03:06 CDT 2023)]
2023-10-27 17:03:06.984 DEBUG 26544 --- [    Test worker] c.m.c.s.impl.CompensationServiceImpl     : Reading compensation with id [067197ad-d69c-458c-abe3-207103423176]
2023-10-27 17:03:06.987 DEBUG 26544 --- [    Test worker] c.m.c.s.impl.CompensationServiceImpl     : Reading compensation with id [0dcb0c50-f662-4c32-bce9-4318c0f0d50c]
]]></system-out>
  <system-err><![CDATA[]]></system-err>
</testsuite>
