<?xml version="1.0" encoding="UTF-8"?>
<testsuite name="com.mindex.challenge.controller.EmployeeControllerTest" tests="3" skipped="0" failures="0" errors="0" timestamp="2023-10-27T22:03:06" hostname="RC-MAIN-PC" time="0.025">
  <properties/>
  <testcase name="testGetReportingStructure" classname="com.mindex.challenge.controller.EmployeeControllerTest" time="0.019"/>
  <testcase name="testPostCompensation" classname="com.mindex.challenge.controller.EmployeeControllerTest" time="0.003"/>
  <testcase name="testGetCompensation" classname="com.mindex.challenge.controller.EmployeeControllerTest" time="0.002"/>
  <system-out><![CDATA[2023-10-27 17:03:05.992  INFO 26544 --- [    Test worker] .b.t.c.SpringBootTestContextBootstrapper : Neither @ContextConfiguration nor @ContextHierarchy found for test class [com.mindex.challenge.controller.EmployeeControllerTest], using SpringBootContextLoader
2023-10-27 17:03:05.992  INFO 26544 --- [    Test worker] o.s.t.c.support.AbstractContextLoader    : Could not detect default resource locations for test class [com.mindex.challenge.controller.EmployeeControllerTest]: no resource found for suffixes {-context.xml, Context.groovy}.
2023-10-27 17:03:05.992  INFO 26544 --- [    Test worker] t.c.s.AnnotationConfigContextLoaderUtils : Could not detect default configuration classes for test class [com.mindex.challenge.controller.EmployeeControllerTest]: EmployeeControllerTest does not declare any static, non-private, non-final, nested classes annotated with @Configuration.
2023-10-27 17:03:05.999  INFO 26544 --- [    Test worker] .b.t.c.SpringBootTestContextBootstrapper : Found @SpringBootConfiguration com.mindex.challenge.ChallengeApplication for test class com.mindex.challenge.controller.EmployeeControllerTest
2023-10-27 17:03:06.000  INFO 26544 --- [    Test worker] .b.t.c.SpringBootTestContextBootstrapper : Loaded default TestExecutionListener class names from location [META-INF/spring.factories]: [org.springframework.boot.test.autoconfigure.restdocs.RestDocsTestExecutionListener, org.springframework.boot.test.autoconfigure.web.client.MockRestServiceServerResetTestExecutionListener, org.springframework.boot.test.autoconfigure.web.servlet.MockMvcPrintOnlyOnFailureTestExecutionListener, org.springframework.boot.test.autoconfigure.web.servlet.WebDriverTestExecutionListener, org.springframework.boot.test.mock.mockito.MockitoTestExecutionListener, org.springframework.boot.test.mock.mockito.ResetMocksTestExecutionListener, org.springframework.test.context.web.ServletTestExecutionListener, org.springframework.test.context.support.DirtiesContextBeforeModesTestExecutionListener, org.springframework.test.context.support.DependencyInjectionTestExecutionListener, org.springframework.test.context.support.DirtiesContextTestExecutionListener, org.springframework.test.context.transaction.TransactionalTestExecutionListener, org.springframework.test.context.jdbc.SqlScriptsTestExecutionListener, org.springframework.test.context.event.EventPublishingTestExecutionListener]
2023-10-27 17:03:06.000  INFO 26544 --- [    Test worker] .b.t.c.SpringBootTestContextBootstrapper : Using TestExecutionListeners: [org.springframework.test.context.web.ServletTestExecutionListener@207ce214, org.springframework.test.context.support.DirtiesContextBeforeModesTestExecutionListener@5c9b6611, org.springframework.boot.test.mock.mockito.MockitoTestExecutionListener@158b58db, org.springframework.boot.test.autoconfigure.SpringBootDependencyInjectionTestExecutionListener@380aa82d, org.springframework.test.context.support.DirtiesContextTestExecutionListener@7fa1917a, org.springframework.test.context.transaction.TransactionalTestExecutionListener@788ddb71, org.springframework.test.context.jdbc.SqlScriptsTestExecutionListener@370f093b, org.springframework.test.context.event.EventPublishingTestExecutionListener@5aa98437, org.springframework.boot.test.autoconfigure.restdocs.RestDocsTestExecutionListener@29f0f459, org.springframework.boot.test.autoconfigure.web.client.MockRestServiceServerResetTestExecutionListener@3f30e445, org.springframework.boot.test.autoconfigure.web.servlet.MockMvcPrintOnlyOnFailureTestExecutionListener@70397449, org.springframework.boot.test.autoconfigure.web.servlet.WebDriverTestExecutionListener@6627ce45, org.springframework.boot.test.mock.mockito.ResetMocksTestExecutionListener@485bbce4]

  .   ____          _            __ _ _
 /\\ / ___'_ __ _ _(_)_ __  __ _ \ \ \ \
( ( )\___ | '_ | '_| | '_ \/ _` | \ \ \ \
 \\/  ___)| |_)| | | | | || (_| |  ) ) ) )
  '  |____| .__|_| |_|_| |_\__, | / / / /
 =========|_|==============|___/=/_/_/_/
 :: Spring Boot ::        (v2.2.0.RELEASE)

2023-10-27 17:03:06.121  INFO 26544 --- [    Test worker] c.m.c.controller.EmployeeControllerTest  : Starting EmployeeControllerTest on RC-Main-pc with PID 26544 (started by bulld in C:\Users\bulld\Downloads\mindex-java-code-challenge\mindex-java-code-challenge)
2023-10-27 17:03:06.121 DEBUG 26544 --- [    Test worker] c.m.c.controller.EmployeeControllerTest  : Running with Spring Boot v2.2.0.RELEASE, Spring v5.2.0.RELEASE
2023-10-27 17:03:06.122  INFO 26544 --- [    Test worker] c.m.c.controller.EmployeeControllerTest  : No active profile set, falling back to default profiles: default
2023-10-27 17:03:06.188  INFO 26544 --- [    Test worker] .s.d.r.c.RepositoryConfigurationDelegate : Bootstrapping Spring Data repositories in DEFAULT mode.
2023-10-27 17:03:06.192  INFO 26544 --- [    Test worker] .s.d.r.c.RepositoryConfigurationDelegate : Finished Spring Data repository scanning in 3ms. Found 2 repository interfaces.
2023-10-27 17:03:06.381  INFO 26544 --- [    Test worker] o.s.b.w.embedded.tomcat.TomcatWebServer  : Tomcat initialized with port(s): 0 (http)
2023-10-27 17:03:06.391  INFO 26544 --- [    Test worker] o.apache.catalina.core.StandardService   : Starting service [Tomcat]
2023-10-27 17:03:06.391  INFO 26544 --- [    Test worker] org.apache.catalina.core.StandardEngine  : Starting Servlet engine: [Apache Tomcat/9.0.27]
2023-10-27 17:03:06.476  INFO 26544 --- [    Test worker] o.a.c.c.C.[Tomcat].[localhost].[/]       : Initializing Spring embedded WebApplicationContext
2023-10-27 17:03:06.476  INFO 26544 --- [    Test worker] o.s.web.context.ContextLoader            : Root WebApplicationContext: initialization completed in 353 ms
2023-10-27 17:03:06.582  INFO 26544 --- [    Test worker] de.bwaldvogel.mongo.MongoServer          : started MongoServer(port: 53320, ssl: false)
2023-10-27 17:03:06.583  INFO 26544 --- [    Test worker] org.mongodb.driver.cluster               : Cluster created with settings {hosts=[127.0.0.1:53320], mode=SINGLE, requiredClusterType=UNKNOWN, serverSelectionTimeout='30000 ms', maxWaitQueueSize=500}
2023-10-27 17:03:06.586  INFO 26544 --- [-server-worker1] d.b.mongo.wire.MongoWireProtocolHandler  : client [id: 0x48b536ac, L:/127.0.0.1:53320 - R:/127.0.0.1:53321] connected
2023-10-27 17:03:06.589  WARN 26544 --- [    Test worker] o.s.data.convert.CustomConversions       : Registering converter from class java.time.LocalDateTime to class java.time.Instant as reading converter although it doesn't convert from a store-supported type! You might wanna check you annotation setup at the converter implementation.
2023-10-27 17:03:06.589  WARN 26544 --- [    Test worker] o.s.data.convert.CustomConversions       : Registering converter from class java.time.Instant to class java.time.LocalDateTime as reading converter although it doesn't convert from a store-supported type! You might wanna check you annotation setup at the converter implementation.
2023-10-27 17:03:06.590  WARN 26544 --- [    Test worker] o.s.data.convert.CustomConversions       : Registering converter from class java.time.LocalDateTime to class java.time.Instant as reading converter although it doesn't convert from a store-supported type! You might wanna check you annotation setup at the converter implementation.
2023-10-27 17:03:06.590  WARN 26544 --- [    Test worker] o.s.data.convert.CustomConversions       : Registering converter from class java.time.Instant to class java.time.LocalDateTime as reading converter although it doesn't convert from a store-supported type! You might wanna check you annotation setup at the converter implementation.
2023-10-27 17:03:06.592  INFO 26544 --- [127.0.0.1:53320] org.mongodb.driver.connection            : Opened connection [connectionId{localValue:3}] to 127.0.0.1:53320
2023-10-27 17:03:06.593  INFO 26544 --- [127.0.0.1:53320] org.mongodb.driver.cluster               : Monitor thread successfully connected to server with description ServerDescription{address=127.0.0.1:53320, type=STANDALONE, state=CONNECTED, ok=true, version=ServerVersion{versionList=[3, 0, 0]}, minWireVersion=0, maxWireVersion=2, maxDocumentSize=16777216, logicalSessionTimeoutMinutes=null, roundTripTimeNanos=1218500}
2023-10-27 17:03:06.629  INFO 26544 --- [-server-worker2] d.b.mongo.wire.MongoWireProtocolHandler  : client [id: 0x8beff79f, L:/127.0.0.1:53320 - R:/127.0.0.1:53322] connected
2023-10-27 17:03:06.639  INFO 26544 --- [    Test worker] org.mongodb.driver.connection            : Opened connection [connectionId{localValue:4}] to 127.0.0.1:53320
2023-10-27 17:03:06.640  INFO 26544 --- [-server-worker2] d.b.mongo.backend.AbstractMongoBackend   : created database test
2023-10-27 17:03:06.642  INFO 26544 --- [-server-worker2] d.b.mongo.backend.AbstractMongoDatabase  : adding unique _id index for collection employee
2023-10-27 17:03:06.642  INFO 26544 --- [-server-worker2] d.b.mongo.backend.AbstractMongoDatabase  : created collection test.employee
2023-10-27 17:03:06.716  INFO 26544 --- [    Test worker] o.s.s.concurrent.ThreadPoolTaskExecutor  : Initializing ExecutorService 'applicationTaskExecutor'
2023-10-27 17:03:06.781  WARN 26544 --- [    Test worker] o.s.data.convert.CustomConversions       : Registering converter from class java.time.LocalDateTime to class java.time.Instant as reading converter although it doesn't convert from a store-supported type! You might wanna check you annotation setup at the converter implementation.
2023-10-27 17:03:06.781  WARN 26544 --- [    Test worker] o.s.data.convert.CustomConversions       : Registering converter from class java.time.Instant to class java.time.LocalDateTime as reading converter although it doesn't convert from a store-supported type! You might wanna check you annotation setup at the converter implementation.
2023-10-27 17:03:06.790  WARN 26544 --- [    Test worker] o.s.data.convert.CustomConversions       : Registering converter from class java.time.LocalDateTime to class java.time.Instant as reading converter although it doesn't convert from a store-supported type! You might wanna check you annotation setup at the converter implementation.
2023-10-27 17:03:06.790  WARN 26544 --- [    Test worker] o.s.data.convert.CustomConversions       : Registering converter from class java.time.Instant to class java.time.LocalDateTime as reading converter although it doesn't convert from a store-supported type! You might wanna check you annotation setup at the converter implementation.
2023-10-27 17:03:06.839  INFO 26544 --- [    Test worker] o.s.b.w.embedded.tomcat.TomcatWebServer  : Tomcat started on port(s): 53323 (http) with context path ''
2023-10-27 17:03:06.840  INFO 26544 --- [    Test worker] c.m.c.controller.EmployeeControllerTest  : Started EmployeeControllerTest in 0.738 seconds (JVM running for 4.827)
2023-10-27 17:03:06.857 DEBUG 26544 --- [    Test worker] c.m.c.controller.EmployeeController      : Received reporting structure request for the given employee ID [551c232e-773e-407f-bb26-593158d43f4f]
2023-10-27 17:03:06.862 DEBUG 26544 --- [    Test worker] c.m.c.controller.EmployeeController      : Received compensation create request for [Compensation(employeeId=c39b7562-f3c3-4c45-9414-2e2fe4395714, salary=123000, effectiveDate=Fri Oct 27 17:03:06 CDT 2023)]
2023-10-27 17:03:06.866 DEBUG 26544 --- [    Test worker] c.m.c.controller.EmployeeController      : Received employee compensation read request for id [118f7bb1-6096-419a-a797-88ccd9b56d65]
]]></system-out>
  <system-err><![CDATA[[2023.10.27 17:03:06] (Coverage): Error during class instrumentation: org.springframework.http.client.HttpComponentsClientHttpRequestFactory: java.lang.RuntimeException: java.io.IOException: Class org/apache/http/client/protocol/HttpClientContext not found
]]></system-err>
</testsuite>
