<?xml version="1.0" encoding="UTF-8"?>
<testsuite name="com.mindex.challenge.DataBootstrapTest" tests="1" skipped="0" failures="0" errors="0" timestamp="2023-10-27T22:03:06" hostname="RC-MAIN-PC" time="0.039">
  <properties/>
  <testcase name="test" classname="com.mindex.challenge.DataBootstrapTest" time="0.039"/>
  <system-out><![CDATA[2023-10-27 17:03:06.869  INFO 26544 --- [    Test worker] .b.t.c.SpringBootTestContextBootstrapper : Neither @ContextConfiguration nor @ContextHierarchy found for test class [com.mindex.challenge.DataBootstrapTest], using SpringBootContextLoader
2023-10-27 17:03:06.869  INFO 26544 --- [    Test worker] o.s.t.c.support.AbstractContextLoader    : Could not detect default resource locations for test class [com.mindex.challenge.DataBootstrapTest]: no resource found for suffixes {-context.xml, Context.groovy}.
2023-10-27 17:03:06.869  INFO 26544 --- [    Test worker] t.c.s.AnnotationConfigContextLoaderUtils : Could not detect default configuration classes for test class [com.mindex.challenge.DataBootstrapTest]: DataBootstrapTest does not declare any static, non-private, non-final, nested classes annotated with @Configuration.
2023-10-27 17:03:06.870  INFO 26544 --- [    Test worker] .b.t.c.SpringBootTestContextBootstrapper : Found @SpringBootConfiguration com.mindex.challenge.ChallengeApplication for test class com.mindex.challenge.DataBootstrapTest
2023-10-27 17:03:06.872  INFO 26544 --- [    Test worker] .b.t.c.SpringBootTestContextBootstrapper : Loaded default TestExecutionListener class names from location [META-INF/spring.factories]: [org.springframework.boot.test.autoconfigure.restdocs.RestDocsTestExecutionListener, org.springframework.boot.test.autoconfigure.web.client.MockRestServiceServerResetTestExecutionListener, org.springframework.boot.test.autoconfigure.web.servlet.MockMvcPrintOnlyOnFailureTestExecutionListener, org.springframework.boot.test.autoconfigure.web.servlet.WebDriverTestExecutionListener, org.springframework.boot.test.mock.mockito.MockitoTestExecutionListener, org.springframework.boot.test.mock.mockito.ResetMocksTestExecutionListener, org.springframework.test.context.web.ServletTestExecutionListener, org.springframework.test.context.support.DirtiesContextBeforeModesTestExecutionListener, org.springframework.test.context.support.DependencyInjectionTestExecutionListener, org.springframework.test.context.support.DirtiesContextTestExecutionListener, org.springframework.test.context.transaction.TransactionalTestExecutionListener, org.springframework.test.context.jdbc.SqlScriptsTestExecutionListener, org.springframework.test.context.event.EventPublishingTestExecutionListener]
2023-10-27 17:03:06.872  INFO 26544 --- [    Test worker] .b.t.c.SpringBootTestContextBootstrapper : Using TestExecutionListeners: [org.springframework.test.context.web.ServletTestExecutionListener@7a263937, org.springframework.test.context.support.DirtiesContextBeforeModesTestExecutionListener@409cc4c6, org.springframework.boot.test.mock.mockito.MockitoTestExecutionListener@29bdb5a7, org.springframework.boot.test.autoconfigure.SpringBootDependencyInjectionTestExecutionListener@4454d698, org.springframework.test.context.support.DirtiesContextTestExecutionListener@ff0a0a4, org.springframework.test.context.transaction.TransactionalTestExecutionListener@296cff68, org.springframework.test.context.jdbc.SqlScriptsTestExecutionListener@6db8776f, org.springframework.test.context.event.EventPublishingTestExecutionListener@f3a8c56, org.springframework.boot.test.autoconfigure.restdocs.RestDocsTestExecutionListener@5c5f895, org.springframework.boot.test.autoconfigure.web.client.MockRestServiceServerResetTestExecutionListener@4b9cd0fa, org.springframework.boot.test.autoconfigure.web.servlet.MockMvcPrintOnlyOnFailureTestExecutionListener@6531c5e9, org.springframework.boot.test.autoconfigure.web.servlet.WebDriverTestExecutionListener@3eb2ad25, org.springframework.boot.test.mock.mockito.ResetMocksTestExecutionListener@1499eb36]
]]></system-out>
  <system-err><![CDATA[]]></system-err>
</testsuite>
